{
  "RSpec": {
    "coverage": {
      "/Users/Sam/Desktop/Code/indie-project/spec/controllers/static_home_controller_spec.rb": [
        1,
        null,
        1,
        null,
        null
      ],
      "/Users/Sam/Desktop/Code/indie-project/spec/rails_helper.rb": [
        null,
        1,
        1,
        null,
        1,
        1,
        1,
        null,
        null,
        null,
        null,
        null,
        null,
        null,
        null,
        null,
        null,
        null,
        null,
        null,
        null,
        null,
        null,
        null,
        null,
        null,
        1,
        null,
        1,
        null,
        1,
        1,
        1,
        16,
        null,
        null,
        null,
        null,
        1,
        null,
        null,
        null,
        null,
        null,
        null,
        null,
        null,
        null,
        null,
        null,
        null,
        null,
        null,
        1,
        null,
        null,
        1,
        null,
        null,
        null,
        null,
        1,
        1,
        1,
        1,
        null,
        null
      ],
      "/Users/Sam/Desktop/Code/indie-project/config/environment.rb": [
        null,
        1,
        null,
        null,
        1
      ],
      "/Users/Sam/Desktop/Code/indie-project/config/application.rb": [
        1,
        null,
        1,
        null,
        1,
        1,
        1,
        1,
        1,
        1,
        1,
        1,
        null,
        null,
        null,
        null,
        1,
        null,
        1,
        1,
        null,
        null,
        null,
        null,
        null
      ],
      "/Users/Sam/Desktop/Code/indie-project/config/boot.rb": [
        1,
        null,
        1
      ],
      "/Users/Sam/Desktop/Code/indie-project/config/environments/test.rb": [
        1,
        null,
        null,
        null,
        null,
        null,
        null,
        1,
        null,
        null,
        null,
        null,
        1,
        null,
        null,
        1,
        1,
        null,
        null,
        null,
        null,
        1,
        1,
        null,
        null,
        1,
        null,
        null,
        1,
        1,
        null,
        null,
        null,
        null,
        1,
        null,
        null,
        1,
        null,
        null,
        null,
        null
      ],
      "/Users/Sam/Desktop/Code/indie-project/config/initializers/application_controller_renderer.rb": [
        null,
        null,
        null,
        null,
        null,
        null
      ],
      "/Users/Sam/Desktop/Code/indie-project/config/initializers/assets.rb": [
        null,
        null,
        null,
        1,
        null,
        null,
        null,
        null,
        null,
        null,
        null
      ],
      "/Users/Sam/Desktop/Code/indie-project/config/initializers/backtrace_silencers.rb": [
        null,
        null,
        null,
        null,
        null,
        null,
        null
      ],
      "/Users/Sam/Desktop/Code/indie-project/config/initializers/cookies_serializer.rb": [
        null,
        null,
        null,
        null,
        1
      ],
      "/Users/Sam/Desktop/Code/indie-project/config/initializers/devise.rb": [
        null,
        null,
        1,
        null,
        null,
        null,
        null,
        null,
        null,
        null,
        null,
        null,
        null,
        null,
        1,
        null,
        null,
        null,
        null,
        null,
        null,
        null,
        null,
        null,
        null,
        null,
        1,
        null,
        null,
        null,
        null,
        null,
        null,
        null,
        null,
        null,
        null,
        null,
        null,
        null,
        null,
        null,
        null,
        null,
        null,
        null,
        null,
        null,
        1,
        null,
        null,
        null,
        null,
        1,
        null,
        null,
        null,
        null,
        null,
        null,
        null,
        null,
        null,
        null,
        null,
        null,
        null,
        null,
        null,
        null,
        null,
        null,
        null,
        null,
        null,
        null,
        null,
        null,
        null,
        null,
        null,
        null,
        null,
        null,
        1,
        null,
        null,
        null,
        null,
        null,
        null,
        null,
        null,
        null,
        null,
        null,
        null,
        null,
        null,
        null,
        null,
        null,
        null,
        null,
        null,
        null,
        null,
        1,
        null,
        null,
        null,
        null,
        null,
        null,
        null,
        null,
        null,
        null,
        null,
        null,
        null,
        null,
        null,
        null,
        null,
        null,
        null,
        null,
        null,
        null,
        null,
        null,
        null,
        null,
        null,
        1,
        null,
        null,
        null,
        null,
        null,
        null,
        null,
        null,
        null,
        1,
        null,
        null,
        null,
        null,
        null,
        null,
        null,
        null,
        null,
        null,
        1,
        null,
        null,
        null,
        null,
        1,
        null,
        null,
        null,
        null,
        null,
        null,
        null,
        null,
        null,
        null,
        null,
        null,
        null,
        null,
        null,
        null,
        null,
        null,
        null,
        null,
        null,
        null,
        null,
        null,
        null,
        null,
        null,
        null,
        null,
        null,
        null,
        null,
        null,
        null,
        null,
        null,
        null,
        null,
        null,
        null,
        1,
        null,
        null,
        null,
        null,
        null,
        null,
        null,
        null,
        null,
        null,
        null,
        null,
        null,
        null,
        null,
        null,
        null,
        null,
        null,
        null,
        null,
        null,
        null,
        null,
        null,
        null,
        null,
        null,
        null,
        null,
        null,
        null,
        null,
        null,
        null,
        null,
        null,
        null,
        null,
        null,
        null,
        1,
        null,
        null,
        null,
        null,
        null,
        null,
        null,
        null,
        null,
        null,
        null,
        null,
        null,
        null,
        null,
        null,
        null,
        null,
        null,
        null,
        null,
        null,
        null,
        null,
        null,
        null,
        null,
        null,
        null
      ],
      "/Users/Sam/Desktop/Code/indie-project/config/initializers/filter_parameter_logging.rb": [
        null,
        null,
        null,
        1
      ],
      "/Users/Sam/Desktop/Code/indie-project/config/initializers/inflections.rb": [
        null,
        null,
        null,
        null,
        null,
        null,
        null,
        null,
        null,
        null,
        null,
        null,
        null,
        null,
        null,
        null
      ],
      "/Users/Sam/Desktop/Code/indie-project/config/initializers/mime_types.rb": [
        null,
        null,
        null,
        null
      ],
      "/Users/Sam/Desktop/Code/indie-project/config/initializers/new_framework_defaults.rb": [
        null,
        null,
        null,
        null,
        null,
        null,
        null,
        1,
        null,
        null,
        1,
        null,
        null,
        null,
        1,
        null,
        null,
        1,
        null,
        null,
        1,
        null,
        null,
        1
      ],
      "/Users/Sam/Desktop/Code/indie-project/config/initializers/session_store.rb": [
        null,
        null,
        1
      ],
      "/Users/Sam/Desktop/Code/indie-project/config/initializers/wrap_parameters.rb": [
        null,
        null,
        null,
        null,
        null,
        null,
        1,
        2,
        null,
        null,
        null,
        null,
        null,
        null
      ],
      "/Users/Sam/Desktop/Code/indie-project/config/routes.rb": [
        1,
        1,
        1,
        1,
        1,
        null,
        1,
        1,
        null,
        null
      ],
      "/Users/Sam/Desktop/Code/indie-project/app/models/user.rb": [
        1,
        null,
        null,
        1,
        1,
        null,
        null
      ],
      "/Users/Sam/Desktop/Code/indie-project/app/models/application_record.rb": [
        1,
        1,
        null
      ],
      "/Users/Sam/Desktop/Code/indie-project/app/controllers/application_controller.rb": [
        1,
        1,
        null
      ],
      "/Users/Sam/Desktop/Code/indie-project/app/helpers/application_helper.rb": [
        1,
        null
      ],
      "/Users/Sam/Desktop/Code/indie-project/app/helpers/static_home_helper.rb": [
        1,
        null
      ],
      "/Users/Sam/Desktop/Code/indie-project/app/channels/application_cable/channel.rb": [
        1,
        1,
        null,
        null
      ],
      "/Users/Sam/Desktop/Code/indie-project/app/channels/application_cable/connection.rb": [
        1,
        1,
        null,
        null
      ],
      "/Users/Sam/Desktop/Code/indie-project/app/controllers/businesses_controller.rb": [
        1,
        1,
        null,
        1,
        7,
        null,
        null,
        1,
        4,
        null,
        null,
        1,
        3,
        null,
        null,
        1,
        3,
        3,
        2,
        2,
        null,
        1,
        null,
        null,
        null,
        1,
        1,
        null,
        null,
        1,
        1,
        1,
        1,
        1,
        null,
        0,
        null,
        null,
        null,
        1,
        1,
        1,
        1,
        null,
        null,
        1,
        1,
        4,
        null,
        null,
        null
      ],
      "/Users/Sam/Desktop/Code/indie-project/app/controllers/requests_controller.rb": [
        1,
        1,
        null,
        1,
        0,
        null,
        0,
        null,
        null,
        1,
        1,
        null,
        1,
        null,
        null,
        null,
        1,
        0,
        0,
        null,
        null,
        null,
        1,
        1,
        1,
        1,
        1,
        null,
        null,
        null,
        null,
        null,
        null,
        null,
        null,
        null,
        1,
        0,
        0,
        null,
        null,
        null,
        null,
        1,
        0,
        0,
        0,
        0,
        null,
        0,
        null,
        null,
        null,
        null,
        null,
        null,
        null,
        null,
        null,
        null,
        null,
        1,
        0,
        0,
        0,
        0,
        null,
        null,
        null,
        null,
        null,
        null,
        null,
        1,
        1,
        1,
        null,
        null
      ],
      "/Users/Sam/Desktop/Code/indie-project/app/controllers/static_home_controller.rb": [
        1,
        null,
        null,
        1,
        null,
        null,
        1,
        0,
        null,
        null
      ],
      "/Users/Sam/Desktop/Code/indie-project/app/jobs/application_job.rb": [
        1,
        null
      ],
      "/Users/Sam/Desktop/Code/indie-project/app/mailers/application_mailer.rb": [
        1,
        1,
        1,
        null
      ],
      "/Users/Sam/Desktop/Code/indie-project/app/models/business.rb": [
        1,
        1,
        1,
        1,
        1,
        1,
        1,
        1,
        1,
        null
      ],
      "/Users/Sam/Desktop/Code/indie-project/app/models/request.rb": [
        1,
        1,
        1,
        1,
        null
      ],
      "/Users/Sam/Desktop/Code/indie-project/spec/factories.rb": [
        1,
        1,
        1,
        1,
        null,
        null
      ],
      "/Users/Sam/Desktop/Code/indie-project/spec/features/add_business_pages_spec.rb": [
        1,
        null,
        1,
        1,
        1,
        1,
        1,
        1,
        1,
        1,
        1,
        1,
        1,
        1,
        1,
        1,
        null,
        null,
        1,
        1,
        1,
        null,
        1,
        1,
        1,
        null,
        null
      ],
      "/Users/Sam/Desktop/Code/indie-project/spec/features/add_request_pages_spec.rb": [
        1,
        null,
        1,
        1,
        1,
        1,
        1,
        1,
        1,
        1,
        1,
        1,
        1,
        1,
        1,
        1,
        1,
        1,
        1,
        1,
        null,
        null,
        null
      ],
      "/Users/Sam/Desktop/Code/indie-project/spec/features/delete_business_pages_spec.rb": [
        1,
        null,
        1,
        1,
        1,
        1,
        null,
        1,
        1,
        1,
        1,
        null,
        null
      ],
      "/Users/Sam/Desktop/Code/indie-project/spec/features/delete_request_pages_spec.rb": [
        null,
        null,
        null,
        null,
        null,
        null,
        null,
        null,
        null,
        null,
        null
      ],
      "/Users/Sam/Desktop/Code/indie-project/spec/features/edit_business_pages_spec.rb": [
        1,
        null,
        1,
        1,
        1,
        1,
        null,
        1,
        1,
        1,
        1,
        1,
        1,
        1,
        1,
        1,
        1,
        1,
        null,
        null
      ],
      "/Users/Sam/Desktop/Code/indie-project/spec/features/view_businesses_page_spec.rb": [
        1,
        null,
        1,
        1,
        1,
        1,
        1,
        1,
        1,
        null,
        null
      ],
      "/Users/Sam/Desktop/Code/indie-project/spec/helpers/static_home_helper_spec.rb": [
        null,
        null,
        null,
        null,
        null,
        null,
        null,
        null,
        null,
        null,
        null,
        null,
        null,
        null,
        null
      ],
      "/Users/Sam/Desktop/Code/indie-project/spec/models/business_spec.rb": [
        1,
        null,
        1,
        2,
        2,
        2,
        2,
        2,
        2,
        2,
        null
      ],
      "/Users/Sam/Desktop/Code/indie-project/spec/models/request_spec.rb": [
        1,
        null,
        1,
        2,
        2,
        2,
        null
      ],
      "/Users/Sam/Desktop/Code/indie-project/spec/models/user_spec.rb": [
        null,
        null,
        null,
        null,
        null
      ]
    },
    "timestamp": 1474241903
  }
}
